gradleBuild/outputs/logs/manifest-merger-debug-report.txt
-- Merging decision tree log ---
manifest
ADDED from android/tfmobile/AndroidManifest.xml:16:1-51:12
MERGED from [org.tensorflow:tensorflow-android:1.10.0-rc1] AndroidManifest.xml:2:1-8:12
MERGED from [com.nispok:snackbar:2.11.0] AndroidManifest.xml:2:1-12:12
MERGED from [com.android.support.constraint:constraint-layout:2.0.0-alpha1] AndroidManifest.xml:2:1-11:12
MERGED from [com.android.support:appcompat-v7:27.0.2] AndroidManifest.xml:17:1-22:12
MERGED from [com.android.support:recyclerview-v7:27.0.2] AndroidManifest.xml:17:1-22:12
MERGED from [com.android.support:support-fragment:27.0.2] AndroidManifest.xml:17:1-22:12
MERGED from [com.android.support:support-core-utils:27.0.2] AndroidManifest.xml:17:1-22:12
MERGED from [com.android.support:animated-vector-drawable:27.0.2] AndroidManifest.xml:17:1-22:12
MERGED from [com.android.support:support-vector-drawable:27.0.2] AndroidManifest.xml:17:1-22:12
MERGED from [com.android.support:support-core-ui:27.0.2] AndroidManifest.xml:17:1-22:12
MERGED from [com.android.support:support-compat:27.0.2] AndroidManifest.xml:17:1-22:12
MERGED from [android.arch.lifecycle:runtime:1.0.3] AndroidManifest.xml:17:1-24:12
	package
		ADDED from android/tfmobile/AndroidManifest.xml:17:5-34
	xmlns:android
		ADDED from android/tfmobile/AndroidManifest.xml:16:11-69
uses-sdk
ADDED from android/tfmobile/AndroidManifest.xml:19:5-21:41
MERGED from [com.nispok:snackbar:2.11.0] AndroidManifest.xml:6:5-8:41
MERGED from [com.nispok:snackbar:2.11.0] AndroidManifest.xml:6:5-8:41
MERGED from [com.android.support.constraint:constraint-layout:2.0.0-alpha1] AndroidManifest.xml:5:5-7:41
MERGED from [com.android.support.constraint:constraint-layout:2.0.0-alpha1] AndroidManifest.xml:5:5-7:41
MERGED from [com.android.support:appcompat-v7:27.0.2] AndroidManifest.xml:20:5-44
MERGED from [com.android.support:appcompat-v7:27.0.2] AndroidManifest.xml:20:5-44
MERGED from [com.android.support:recyclerview-v7:27.0.2] AndroidManifest.xml:20:5-44
MERGED from [com.android.support:recyclerview-v7:27.0.2] AndroidManifest.xml:20:5-44
MERGED from [com.android.support:support-fragment:27.0.2] AndroidManifest.xml:20:5-44
MERGED from [com.android.support:support-fragment:27.0.2] AndroidManifest.xml:20:5-44
MERGED from [com.android.support:support-core-utils:27.0.2] AndroidManifest.xml:20:5-44
MERGED from [com.android.support:support-core-utils:27.0.2] AndroidManifest.xml:20:5-44
MERGED from [com.android.support:animated-vector-drawable:27.0.2] AndroidManifest.xml:20:5-44
MERGED from [com.android.support:animated-vector-drawable:27.0.2] AndroidManifest.xml:20:5-44
MERGED from [com.android.support:support-vector-drawable:27.0.2] AndroidManifest.xml:20:5-44
MERGED from [com.android.support:support-vector-drawable:27.0.2] AndroidManifest.xml:20:5-44
MERGED from [com.android.support:support-core-ui:27.0.2] AndroidManifest.xml:20:5-44
MERGED from [com.android.support:support-core-ui:27.0.2] AndroidManifest.xml:20:5-44
MERGED from [com.android.support:support-compat:27.0.2] AndroidManifest.xml:20:5-44
MERGED from [com.android.support:support-compat:27.0.2] AndroidManifest.xml:20:5-44
MERGED from [android.arch.lifecycle:runtime:1.0.3] AndroidManifest.xml:20:5-22:41
MERGED from [android.arch.lifecycle:runtime:1.0.3] AndroidManifest.xml:20:5-22:41
	android:targetSdkVersion
		ADDED from android/tfmobile/AndroidManifest.xml:21:9-38
	android:minSdkVersion
		ADDED from android/tfmobile/AndroidManifest.xml:20:9-35
uses-permission#android.permission.CAMERA
ADDED from android/tfmobile/AndroidManifest.xml:23:5-65
	android:name
		ADDED from android/tfmobile/AndroidManifest.xml:23:22-62
uses-feature#android.hardware.camera
ADDED from android/tfmobile/AndroidManifest.xml:25:5-60
	android:name
		ADDED from android/tfmobile/AndroidManifest.xml:25:19-57
uses-feature#android.hardware.camera.autofocus
ADDED from android/tfmobile/AndroidManifest.xml:26:5-70
	android:name
		ADDED from android/tfmobile/AndroidManifest.xml:26:19-67
uses-permission#android.permission.WRITE_EXTERNAL_STORAGE
ADDED from android/tfmobile/AndroidManifest.xml:28:5-81
	android:name
		ADDED from android/tfmobile/AndroidManifest.xml:28:22-78
uses-permission#android.permission.READ_PHONE_STATE
ADDED from android/tfmobile/AndroidManifest.xml:29:5-75
	android:name
		ADDED from android/tfmobile/AndroidManifest.xml:29:22-72
uses-permission#android.permission.READ_EXTERNAL_STORAGE
ADDED from android/tfmobile/AndroidManifest.xml:30:5-80
	android:name
		ADDED from android/tfmobile/AndroidManifest.xml:30:22-77
application
ADDED from android/tfmobile/AndroidManifest.xml:32:5-49:19
MERGED from [org.tensorflow:tensorflow-android:1.10.0-rc1] AndroidManifest.xml:5:5-6:19
MERGED from [org.tensorflow:tensorflow-android:1.10.0-rc1] AndroidManifest.xml:5:5-6:19
MERGED from [com.nispok:snackbar:2.11.0] AndroidManifest.xml:10:5-20
MERGED from [com.nispok:snackbar:2.11.0] AndroidManifest.xml:10:5-20
MERGED from [com.android.support.constraint:constraint-layout:2.0.0-alpha1] AndroidManifest.xml:9:5-20
MERGED from [com.android.support.constraint:constraint-layout:2.0.0-alpha1] AndroidManifest.xml:9:5-20
	android:label
		ADDED from android/tfmobile/AndroidManifest.xml:36:9-41
	android:debuggable
		ADDED from android/tfmobile/AndroidManifest.xml:34:9-34
	android:icon
		ADDED from android/tfmobile/AndroidManifest.xml:35:9-45
	android:allowBackup
		ADDED from android/tfmobile/AndroidManifest.xml:33:9-35
	android:theme
		ADDED from android/tfmobile/AndroidManifest.xml:37:9-47
activity#org.tensorflow.demo.ClassifierActivity
ADDED from android/tfmobile/AndroidManifest.xml:38:9-47:20
	android:screenOrientation
		ADDED from android/tfmobile/AndroidManifest.xml:41:13-49
	android:label
		ADDED from android/tfmobile/AndroidManifest.xml:40:13-65
	android:name
		ADDED from android/tfmobile/AndroidManifest.xml:39:13-47
intent-filter#action:name:android.intent.action.MAIN+category:name:android.intent.category.LAUNCHER
ADDED from android/tfmobile/AndroidManifest.xml:42:13-46:29
action#android.intent.action.MAIN
ADDED from android/tfmobile/AndroidManifest.xml:43:17-69
	android:name
		ADDED from android/tfmobile/AndroidManifest.xml:43:25-66
category#android.intent.category.LAUNCHER
ADDED from android/tfmobile/AndroidManifest.xml:45:17-77
	android:name
		ADDED from android/tfmobile/AndroidManifest.xml:45:27-74
activity#org.tensorflow.demo.Food
ADDED from android/tfmobile/AndroidManifest.xml:48:9-51
	android:name
		ADDED from android/tfmobile/AndroidManifest.xml:48:19-39